{"uid":"412063488af9f28d","name":"test_getRegionList","fullName":"tests.test_selenium#test_getRegionList","historyId":"e26b3de911e0f8d69402cb7742728050","time":{"start":1753961167142,"stop":1753961178576,"duration":11434},"status":"broken","statusMessage":"selenium.common.exceptions.TimeoutException: Message: \nStacktrace:\n\tGetHandleVerifier [0x0x7ff64f86e935+77845]\n\tGetHandleVerifier [0x0x7ff64f86e990+77936]\n\t(No symbol) [0x0x7ff64f629cda]\n\t(No symbol) [0x0x7ff64f6806aa]\n\t(No symbol) [0x0x7ff64f68095c]\n\t(No symbol) [0x0x7ff64f6d3d07]\n\t(No symbol) [0x0x7ff64f6a890f]\n\t(No symbol) [0x0x7ff64f6d0b07]\n\t(No symbol) [0x0x7ff64f6a86a3]\n\t(No symbol) [0x0x7ff64f671791]\n\t(No symbol) [0x0x7ff64f672523]\n\tGetHandleVerifier [0x0x7ff64fb4684d+3059501]\n\tGetHandleVerifier [0x0x7ff64fb40c0d+3035885]\n\tGetHandleVerifier [0x0x7ff64fb60400+3164896]\n\tGetHandleVerifier [0x0x7ff64f888c3e+185118]\n\tGetHandleVerifier [0x0x7ff64f89054f+216111]\n\tGetHandleVerifier [0x0x7ff64f8772e4+113092]\n\tGetHandleVerifier [0x0x7ff64f877499+113529]\n\tGetHandleVerifier [0x0x7ff64f85e298+10616]\n\tBaseThreadInitThunk [0x0x7ffca6d2259d+29]\n\tRtlUserThreadStart [0x0x7ffca75aaf78+40]","statusTrace":"driver = <selenium.webdriver.chrome.webdriver.WebDriver (session=\"bf8710f6caf4fe21c9f3de1cd4fcc303\")>\n\n    @pytest.mark.web\n    def test_getRegionList(driver):\n        login_page = LoginPage(driver)\n    \n        login_ziyuanz = login_page.wait_for_clickable((By.XPATH, '//*[@id=\"app\"]/div/div[1]/nav/div[3]'))\n    \n        login_ziyuanz.click()\n        #assert login_page.wait_for_element((By.XPATH, '//*[@id=\"bottomElement\"]/div[1]/div[2]/span[2]/span[1]/span')), \"进入资源中心失败\"\n>       assert login_page.wait_for_element((By.XPATH, '//*[@id=\"123124t\"]')), \"进入资源中心失败\"\n               ^^^^^^^^^^^^^^^^^^^^^^^^^^^^^^^^^^^^^^^^^^^^^^^^^^^^^^^^^^^^^\n\ntest_selenium.py:24: \n_ _ _ _ _ _ _ _ _ _ _ _ _ _ _ _ _ _ _ _ _ _ _ _ _ _ _ _ _ _ _ _ _ _ _ _ _ _ _ _\n..\\peges\\login_page.py:26: in wait_for_element\n    return self.wait.until(EC.presence_of_element_located(locator))\n           ^^^^^^^^^^^^^^^^^^^^^^^^^^^^^^^^^^^^^^^^^^^^^^^^^^^^^^^^\n_ _ _ _ _ _ _ _ _ _ _ _ _ _ _ _ _ _ _ _ _ _ _ _ _ _ _ _ _ _ _ _ _ _ _ _ _ _ _ _\n\nself = <selenium.webdriver.support.wait.WebDriverWait (session=\"bf8710f6caf4fe21c9f3de1cd4fcc303\")>\nmethod = <function presence_of_element_located.<locals>._predicate at 0x000002589932E980>\nmessage = ''\n\n    def until(self, method: Callable[[D], Union[Literal[False], T]], message: str = \"\") -> T:\n        \"\"\"Wait until the method returns a value that is not False.\n    \n        Calls the method provided with the driver as an argument until the\n        return value does not evaluate to ``False``.\n    \n        Parameters:\n        -----------\n        method: callable(WebDriver)\n            - A callable object that takes a WebDriver instance as an argument.\n    \n        message: str\n            - Optional message for :exc:`TimeoutException`\n    \n        Return:\n        -------\n        object: T\n            - The result of the last call to `method`\n    \n        Raises:\n        -------\n        TimeoutException\n            - If 'method' does not return a truthy value within the WebDriverWait\n            object's timeout\n    \n        Example:\n        --------\n        >>> from selenium.webdriver.common.by import By\n        >>> from selenium.webdriver.support.ui import WebDriverWait\n        >>> from selenium.webdriver.support import expected_conditions as EC\n    \n        # Wait until an element is visible on the page\n        >>> wait = WebDriverWait(driver, 10)\n        >>> element = wait.until(EC.visibility_of_element_located((By.ID, \"exampleId\")))\n        >>> print(element.text)\n        \"\"\"\n        screen = None\n        stacktrace = None\n    \n        end_time = time.monotonic() + self._timeout\n        while True:\n            try:\n                value = method(self._driver)\n                if value:\n                    return value\n            except self._ignored_exceptions as exc:\n                screen = getattr(exc, \"screen\", None)\n                stacktrace = getattr(exc, \"stacktrace\", None)\n            if time.monotonic() > end_time:\n                break\n            time.sleep(self._poll)\n>       raise TimeoutException(message, screen, stacktrace)\nE       selenium.common.exceptions.TimeoutException: Message: \nE       Stacktrace:\nE       \tGetHandleVerifier [0x0x7ff64f86e935+77845]\nE       \tGetHandleVerifier [0x0x7ff64f86e990+77936]\nE       \t(No symbol) [0x0x7ff64f629cda]\nE       \t(No symbol) [0x0x7ff64f6806aa]\nE       \t(No symbol) [0x0x7ff64f68095c]\nE       \t(No symbol) [0x0x7ff64f6d3d07]\nE       \t(No symbol) [0x0x7ff64f6a890f]\nE       \t(No symbol) [0x0x7ff64f6d0b07]\nE       \t(No symbol) [0x0x7ff64f6a86a3]\nE       \t(No symbol) [0x0x7ff64f671791]\nE       \t(No symbol) [0x0x7ff64f672523]\nE       \tGetHandleVerifier [0x0x7ff64fb4684d+3059501]\nE       \tGetHandleVerifier [0x0x7ff64fb40c0d+3035885]\nE       \tGetHandleVerifier [0x0x7ff64fb60400+3164896]\nE       \tGetHandleVerifier [0x0x7ff64f888c3e+185118]\nE       \tGetHandleVerifier [0x0x7ff64f89054f+216111]\nE       \tGetHandleVerifier [0x0x7ff64f8772e4+113092]\nE       \tGetHandleVerifier [0x0x7ff64f877499+113529]\nE       \tGetHandleVerifier [0x0x7ff64f85e298+10616]\nE       \tBaseThreadInitThunk [0x0x7ffca6d2259d+29]\nE       \tRtlUserThreadStart [0x0x7ffca75aaf78+40]\n\n..\\.venv\\Lib\\site-packages\\selenium\\webdriver\\support\\wait.py:138: TimeoutException","flaky":false,"newFailed":false,"newBroken":false,"newPassed":false,"retriesCount":0,"retriesStatusChange":false,"beforeStages":[{"name":"base_url","time":{"start":1753961129126,"stop":1753961129126,"duration":0},"status":"passed","steps":[],"attachments":[],"parameters":[],"attachmentStep":false,"hasContent":false,"stepsCount":0,"shouldDisplayMessage":false,"attachmentsCount":0},{"name":"_verify_url","time":{"start":1753961129126,"stop":1753961129126,"duration":0},"status":"passed","steps":[],"attachments":[],"parameters":[],"attachmentStep":false,"hasContent":false,"stepsCount":0,"shouldDisplayMessage":false,"attachmentsCount":0},{"name":"driver","time":{"start":1753961129126,"stop":1753961133057,"duration":3931},"status":"passed","steps":[],"attachments":[],"parameters":[],"attachmentStep":false,"hasContent":false,"stepsCount":0,"shouldDisplayMessage":false,"attachmentsCount":0},{"name":"sensitive_url","time":{"start":1753961133058,"stop":1753961133058,"duration":0},"status":"passed","steps":[],"attachments":[],"parameters":[],"attachmentStep":false,"hasContent":false,"stepsCount":0,"shouldDisplayMessage":false,"attachmentsCount":0},{"name":"_skip_sensitive","time":{"start":1753961167141,"stop":1753961167141,"duration":0},"status":"passed","steps":[],"attachments":[],"parameters":[],"attachmentStep":false,"hasContent":false,"stepsCount":0,"shouldDisplayMessage":false,"attachmentsCount":0}],"testStage":{"status":"broken","statusMessage":"selenium.common.exceptions.TimeoutException: Message: \nStacktrace:\n\tGetHandleVerifier [0x0x7ff64f86e935+77845]\n\tGetHandleVerifier [0x0x7ff64f86e990+77936]\n\t(No symbol) [0x0x7ff64f629cda]\n\t(No symbol) [0x0x7ff64f6806aa]\n\t(No symbol) [0x0x7ff64f68095c]\n\t(No symbol) [0x0x7ff64f6d3d07]\n\t(No symbol) [0x0x7ff64f6a890f]\n\t(No symbol) [0x0x7ff64f6d0b07]\n\t(No symbol) [0x0x7ff64f6a86a3]\n\t(No symbol) [0x0x7ff64f671791]\n\t(No symbol) [0x0x7ff64f672523]\n\tGetHandleVerifier [0x0x7ff64fb4684d+3059501]\n\tGetHandleVerifier [0x0x7ff64fb40c0d+3035885]\n\tGetHandleVerifier [0x0x7ff64fb60400+3164896]\n\tGetHandleVerifier [0x0x7ff64f888c3e+185118]\n\tGetHandleVerifier [0x0x7ff64f89054f+216111]\n\tGetHandleVerifier [0x0x7ff64f8772e4+113092]\n\tGetHandleVerifier [0x0x7ff64f877499+113529]\n\tGetHandleVerifier [0x0x7ff64f85e298+10616]\n\tBaseThreadInitThunk [0x0x7ffca6d2259d+29]\n\tRtlUserThreadStart [0x0x7ffca75aaf78+40]","statusTrace":"driver = <selenium.webdriver.chrome.webdriver.WebDriver (session=\"bf8710f6caf4fe21c9f3de1cd4fcc303\")>\n\n    @pytest.mark.web\n    def test_getRegionList(driver):\n        login_page = LoginPage(driver)\n    \n        login_ziyuanz = login_page.wait_for_clickable((By.XPATH, '//*[@id=\"app\"]/div/div[1]/nav/div[3]'))\n    \n        login_ziyuanz.click()\n        #assert login_page.wait_for_element((By.XPATH, '//*[@id=\"bottomElement\"]/div[1]/div[2]/span[2]/span[1]/span')), \"进入资源中心失败\"\n>       assert login_page.wait_for_element((By.XPATH, '//*[@id=\"123124t\"]')), \"进入资源中心失败\"\n               ^^^^^^^^^^^^^^^^^^^^^^^^^^^^^^^^^^^^^^^^^^^^^^^^^^^^^^^^^^^^^\n\ntest_selenium.py:24: \n_ _ _ _ _ _ _ _ _ _ _ _ _ _ _ _ _ _ _ _ _ _ _ _ _ _ _ _ _ _ _ _ _ _ _ _ _ _ _ _\n..\\peges\\login_page.py:26: in wait_for_element\n    return self.wait.until(EC.presence_of_element_located(locator))\n           ^^^^^^^^^^^^^^^^^^^^^^^^^^^^^^^^^^^^^^^^^^^^^^^^^^^^^^^^\n_ _ _ _ _ _ _ _ _ _ _ _ _ _ _ _ _ _ _ _ _ _ _ _ _ _ _ _ _ _ _ _ _ _ _ _ _ _ _ _\n\nself = <selenium.webdriver.support.wait.WebDriverWait (session=\"bf8710f6caf4fe21c9f3de1cd4fcc303\")>\nmethod = <function presence_of_element_located.<locals>._predicate at 0x000002589932E980>\nmessage = ''\n\n    def until(self, method: Callable[[D], Union[Literal[False], T]], message: str = \"\") -> T:\n        \"\"\"Wait until the method returns a value that is not False.\n    \n        Calls the method provided with the driver as an argument until the\n        return value does not evaluate to ``False``.\n    \n        Parameters:\n        -----------\n        method: callable(WebDriver)\n            - A callable object that takes a WebDriver instance as an argument.\n    \n        message: str\n            - Optional message for :exc:`TimeoutException`\n    \n        Return:\n        -------\n        object: T\n            - The result of the last call to `method`\n    \n        Raises:\n        -------\n        TimeoutException\n            - If 'method' does not return a truthy value within the WebDriverWait\n            object's timeout\n    \n        Example:\n        --------\n        >>> from selenium.webdriver.common.by import By\n        >>> from selenium.webdriver.support.ui import WebDriverWait\n        >>> from selenium.webdriver.support import expected_conditions as EC\n    \n        # Wait until an element is visible on the page\n        >>> wait = WebDriverWait(driver, 10)\n        >>> element = wait.until(EC.visibility_of_element_located((By.ID, \"exampleId\")))\n        >>> print(element.text)\n        \"\"\"\n        screen = None\n        stacktrace = None\n    \n        end_time = time.monotonic() + self._timeout\n        while True:\n            try:\n                value = method(self._driver)\n                if value:\n                    return value\n            except self._ignored_exceptions as exc:\n                screen = getattr(exc, \"screen\", None)\n                stacktrace = getattr(exc, \"stacktrace\", None)\n            if time.monotonic() > end_time:\n                break\n            time.sleep(self._poll)\n>       raise TimeoutException(message, screen, stacktrace)\nE       selenium.common.exceptions.TimeoutException: Message: \nE       Stacktrace:\nE       \tGetHandleVerifier [0x0x7ff64f86e935+77845]\nE       \tGetHandleVerifier [0x0x7ff64f86e990+77936]\nE       \t(No symbol) [0x0x7ff64f629cda]\nE       \t(No symbol) [0x0x7ff64f6806aa]\nE       \t(No symbol) [0x0x7ff64f68095c]\nE       \t(No symbol) [0x0x7ff64f6d3d07]\nE       \t(No symbol) [0x0x7ff64f6a890f]\nE       \t(No symbol) [0x0x7ff64f6d0b07]\nE       \t(No symbol) [0x0x7ff64f6a86a3]\nE       \t(No symbol) [0x0x7ff64f671791]\nE       \t(No symbol) [0x0x7ff64f672523]\nE       \tGetHandleVerifier [0x0x7ff64fb4684d+3059501]\nE       \tGetHandleVerifier [0x0x7ff64fb40c0d+3035885]\nE       \tGetHandleVerifier [0x0x7ff64fb60400+3164896]\nE       \tGetHandleVerifier [0x0x7ff64f888c3e+185118]\nE       \tGetHandleVerifier [0x0x7ff64f89054f+216111]\nE       \tGetHandleVerifier [0x0x7ff64f8772e4+113092]\nE       \tGetHandleVerifier [0x0x7ff64f877499+113529]\nE       \tGetHandleVerifier [0x0x7ff64f85e298+10616]\nE       \tBaseThreadInitThunk [0x0x7ffca6d2259d+29]\nE       \tRtlUserThreadStart [0x0x7ffca75aaf78+40]\n\n..\\.venv\\Lib\\site-packages\\selenium\\webdriver\\support\\wait.py:138: TimeoutException","steps":[],"attachments":[{"uid":"7776f088ab3471ad","name":"log","source":"7776f088ab3471ad.txt","type":"text/plain","size":243}],"parameters":[],"attachmentStep":false,"hasContent":true,"stepsCount":0,"shouldDisplayMessage":true,"attachmentsCount":1},"afterStages":[{"name":"driver::0","time":{"start":1753961178970,"stop":1753961179079,"duration":109},"status":"passed","steps":[],"attachments":[],"parameters":[],"attachmentStep":false,"hasContent":false,"stepsCount":0,"shouldDisplayMessage":false,"attachmentsCount":0}],"labels":[{"name":"tag","value":"web"},{"name":"parentSuite","value":"tests"},{"name":"suite","value":"test_selenium"},{"name":"host","value":"shlliNJLZ"},{"name":"thread","value":"22480-MainThread"},{"name":"framework","value":"pytest"},{"name":"language","value":"cpython3"},{"name":"package","value":"tests.test_selenium"},{"name":"resultFormat","value":"allure2"}],"parameters":[],"links":[],"hidden":false,"retry":false,"extra":{"severity":"normal","retries":[],"categories":[{"name":"Test defects","matchedStatuses":[]}],"tags":["web"]},"source":"412063488af9f28d.json","parameterValues":[]}